2022-05-06 14:03:30,233 file: hb_mapper.py func: hb_mapper line No: 111 Start hb_mapper....
2022-05-06 14:03:30,233 file: hb_mapper.py func: hb_mapper line No: 112 log will be stored in /open_explorer/hb_mapper_makertbin.log
2022-05-06 14:03:30,233 file: hb_mapper.py func: hb_mapper line No: 113 hbdk version 3.26.8
2022-05-06 14:03:30,234 file: hb_mapper.py func: hb_mapper line No: 114 horizon_nn version 0.12.5
2022-05-06 14:03:30,234 file: hb_mapper.py func: hb_mapper line No: 115 hb_mapper version 1.4.4
2022-05-06 14:03:30,234 file: hb_mapper_makertbin.py func: hb_mapper_makertbin line No: 587 Start Model Convert....
2022-05-06 14:03:30,242 file: mapper_conf_parser.py func: mapper_conf_parser line No: 806 Using abs path /open_explorer/ImageClassifier.onnx
2022-05-06 14:03:30,243 file: mapper_conf_parser.py func: mapper_conf_parser line No: 137 validating model_parameters...
2022-05-06 14:03:30,244 file: mapper_conf_parser.py func: mapper_conf_parser line No: 806 Using abs path /open_explorer/model_output_dir
2022-05-06 14:03:30,244 file: mapper_conf_parser.py func: mapper_conf_parser line No: 149 validating model_parameters finished
2022-05-06 14:03:30,244 file: mapper_conf_parser.py func: mapper_conf_parser line No: 153 validating input_parameters...
2022-05-06 14:03:30,245 file: helper.py func: helper line No: 124 Model input names: ['modelInput']
2022-05-06 14:03:30,245 file: mapper_conf_parser.py func: mapper_conf_parser line No: 272 input num is set to 1 according to input_names
2022-05-06 14:03:30,245 file: mapper_conf_parser.py func: mapper_conf_parser line No: 278 model name missing, using model name from model file: ['modelInput']
2022-05-06 14:03:30,245 file: mapper_conf_parser.py func: mapper_conf_parser line No: 332 For input 0: user input shape: [1, 3, 32, 32], model file input shape: [0, 3, 32, 32]
2022-05-06 14:03:30,245 file: mapper_conf_parser.py func: mapper_conf_parser line No: 164 validating input_parameters finished
2022-05-06 14:03:30,246 file: mapper_conf_parser.py func: mapper_conf_parser line No: 168 validating calibration_parameters...
2022-05-06 14:03:30,246 file: mapper_conf_parser.py func: mapper_conf_parser line No: 806 Using abs path /open_explorer/test_cifar10
2022-05-06 14:03:30,246 file: mapper_conf_parser.py func: mapper_conf_parser line No: 181 validating calibration_parameters finished
2022-05-06 14:03:30,246 file: mapper_conf_parser.py func: mapper_conf_parser line No: 185 validating custom_op...
2022-05-06 14:03:30,246 file: mapper_conf_parser.py func: mapper_conf_parser line No: 191 validating custom_op finished
2022-05-06 14:03:30,247 file: mapper_conf_parser.py func: mapper_conf_parser line No: 194 validating compiler_parameters...
2022-05-06 14:03:30,247 file: mapper_conf_parser.py func: mapper_conf_parser line No: 200 validating compiler_parameters finished
2022-05-06 14:03:30,247 file: hb_mapper_makertbin.py func: hb_mapper_makertbin line No: 55 Dump config:
2022-05-06 14:03:30,247 file: hb_mapper_makertbin.py func: hb_mapper_makertbin line No: 56 calibration_parameters:
  cal_data_dir: ./test_cifar10
  calibration_type: kl
  max_percentile: 1.0
  preprocess_on: true
compiler_parameters:
  compile_mode: latency
  core_num: 1
  debug: false
  optimize_level: O3
custom_op:
  custom_op_method: register
input_parameters:
  input_batch: '1'
  input_layout_rt: NHWC
  input_layout_train: NCHW
  input_name: ''
  input_shape: 1x3x32x32
  input_space_and_range: regular
  input_type_rt: yuv444
  input_type_train: bgr
  mean_value: 103.94 116.78 123.68
  norm_type: data_mean_and_scale
  scale_value: '0.017'
model_parameters:
  layer_out_dump: false
  log_level: debug
  march: bernoulli2
  onnx_model: /open_explorer/ImageClassifier.onnx
  output_model_file_prefix: mobilenetv1
  working_dir: ./model_output_dir

2022-05-06 14:03:30,251 file: hb_mapper_makertbin.py func: hb_mapper_makertbin line No: 62 input 'modelInput' : original model shape: [0, 3, 32, 32]
2022-05-06 14:03:30,262 file: loader.py func: loader line No: 44 *******************************************
2022-05-06 14:03:30,262 file: loader.py func: loader line No: 45 First calibration picture name: 0.jpg
2022-05-06 14:03:30,262 file: loader.py func: loader line No: 47 First calibration picture md5:
2022-05-06 14:03:30,268 file: loader.py func: loader line No: 51 *******************************************
2022-05-06 14:03:30,294 file: tool_utils.py func: tool_utils line No: 320 calibration data shape: (1, 3, 32, 32)
