The system is: Linux - 3.10.0-862.14.4.el7.x86_64 - x86_64
Compiling the C compiler identification source file "CMakeCCompilerId.c" succeeded.
Compiler: /opt/gcc-linaro-6.5.0-2018.12-x86_64_aarch64-linux-gnu/bin/aarch64-linux-gnu-gcc 
Build flags: 
Id flags: 

The output was:
0


Compilation of the C compiler identification source "CMakeCCompilerId.c" produced "a.out"

The C compiler identification is GNU, found in "/home/jenkins/workspace/ess_ai_express_component_1.0.15b/rtsp_server/build/CMakeFiles/3.7.2/CompilerIdC/a.out"

Compiling the CXX compiler identification source file "CMakeCXXCompilerId.cpp" succeeded.
Compiler: /opt/gcc-linaro-6.5.0-2018.12-x86_64_aarch64-linux-gnu/bin/aarch64-linux-gnu-g++ 
Build flags: 
Id flags: 

The output was:
0


Compilation of the CXX compiler identification source "CMakeCXXCompilerId.cpp" produced "a.out"

The CXX compiler identification is GNU, found in "/home/jenkins/workspace/ess_ai_express_component_1.0.15b/rtsp_server/build/CMakeFiles/3.7.2/CompilerIdCXX/a.out"

Determining if the C compiler works passed with the following output:
Change Dir: /home/jenkins/workspace/ess_ai_express_component_1.0.15b/rtsp_server/build/CMakeFiles/CMakeTmp

Run Build Command:"/usr/bin/gmake" "cmTC_9cdd1/fast"
/usr/bin/gmake -f CMakeFiles/cmTC_9cdd1.dir/build.make CMakeFiles/cmTC_9cdd1.dir/build
gmake[1]: Entering directory `/home/jenkins/workspace/ess_ai_express_component_1.0.15b/rtsp_server/build/CMakeFiles/CMakeTmp'
Building C object CMakeFiles/cmTC_9cdd1.dir/testCCompiler.c.o
/opt/gcc-linaro-6.5.0-2018.12-x86_64_aarch64-linux-gnu/bin/aarch64-linux-gnu-gcc     -o CMakeFiles/cmTC_9cdd1.dir/testCCompiler.c.o   -c /home/jenkins/workspace/ess_ai_express_component_1.0.15b/rtsp_server/build/CMakeFiles/CMakeTmp/testCCompiler.c
Linking C executable cmTC_9cdd1
/usr/local/bin/cmake -E cmake_link_script CMakeFiles/cmTC_9cdd1.dir/link.txt --verbose=1
/opt/gcc-linaro-6.5.0-2018.12-x86_64_aarch64-linux-gnu/bin/aarch64-linux-gnu-gcc       CMakeFiles/cmTC_9cdd1.dir/testCCompiler.c.o  -o cmTC_9cdd1 -rdynamic 
gmake[1]: Leaving directory `/home/jenkins/workspace/ess_ai_express_component_1.0.15b/rtsp_server/build/CMakeFiles/CMakeTmp'


Detecting C compiler ABI info compiled with the following output:
Change Dir: /home/jenkins/workspace/ess_ai_express_component_1.0.15b/rtsp_server/build/CMakeFiles/CMakeTmp

Run Build Command:"/usr/bin/gmake" "cmTC_dd6e1/fast"
/usr/bin/gmake -f CMakeFiles/cmTC_dd6e1.dir/build.make CMakeFiles/cmTC_dd6e1.dir/build
gmake[1]: Entering directory `/home/jenkins/workspace/ess_ai_express_component_1.0.15b/rtsp_server/build/CMakeFiles/CMakeTmp'
Building C object CMakeFiles/cmTC_dd6e1.dir/CMakeCCompilerABI.c.o
/opt/gcc-linaro-6.5.0-2018.12-x86_64_aarch64-linux-gnu/bin/aarch64-linux-gnu-gcc     -o CMakeFiles/cmTC_dd6e1.dir/CMakeCCompilerABI.c.o   -c /usr/local/share/cmake-3.7/Modules/CMakeCCompilerABI.c
Linking C executable cmTC_dd6e1
/usr/local/bin/cmake -E cmake_link_script CMakeFiles/cmTC_dd6e1.dir/link.txt --verbose=1
/opt/gcc-linaro-6.5.0-2018.12-x86_64_aarch64-linux-gnu/bin/aarch64-linux-gnu-gcc      -v CMakeFiles/cmTC_dd6e1.dir/CMakeCCompilerABI.c.o  -o cmTC_dd6e1 -rdynamic  
Using built-in specs.
COLLECT_GCC=/opt/gcc-linaro-6.5.0-2018.12-x86_64_aarch64-linux-gnu/bin/aarch64-linux-gnu-gcc
COLLECT_LTO_WRAPPER=/opt/gcc-linaro-6.5.0-2018.12-x86_64_aarch64-linux-gnu/bin/../libexec/gcc/aarch64-linux-gnu/6.5.0/lto-wrapper
Target: aarch64-linux-gnu
Configured with: '/home/tcwg-buildslave/workspace/tcwg-make-release_1/snapshots/gcc.git~linaro-6.5-2018.12/configure' SHELL=/bin/bash --with-mpc=/home/tcwg-buildslave/workspace/tcwg-make-release_1/_build/builds/destdir/x86_64-unknown-linux-gnu --with-mpfr=/home/tcwg-buildslave/workspace/tcwg-make-release_1/_build/builds/destdir/x86_64-unknown-linux-gnu --with-gmp=/home/tcwg-buildslave/workspace/tcwg-make-release_1/_build/builds/destdir/x86_64-unknown-linux-gnu --with-gnu-as --with-gnu-ld --disable-libmudflap --enable-lto --enable-shared --without-included-gettext --enable-nls --with-system-zlib --disable-sjlj-exceptions --enable-gnu-unique-object --enable-linker-build-id --disable-libstdcxx-pch --enable-c99 --enable-clocale=gnu --enable-libstdcxx-debug --enable-long-long --with-cloog=no --with-ppl=no --with-isl=no --disable-multilib --enable-fix-cortex-a53-835769 --enable-fix-cortex-a53-843419 --with-arch=armv8-a --enable-threads=posix --enable-multiarch --enable-libstdcxx-time=yes --enable-gnu-indirect-function --with-build-sysroot=/home/tcwg-buildslave/workspace/tcwg-make-release_1/_build/sysroots/aarch64-linux-gnu --with-sysroot=/home/tcwg-buildslave/workspace/tcwg-make-release_1/_build/builds/destdir/x86_64-unknown-linux-gnu/aarch64-linux-gnu/libc --enable-checking=release --disable-bootstrap --enable-languages=c,c++,fortran,lto --build=x86_64-unknown-linux-gnu --host=x86_64-unknown-linux-gnu --target=aarch64-linux-gnu --prefix=/home/tcwg-buildslave/workspace/tcwg-make-release_1/_build/builds/destdir/x86_64-unknown-linux-gnu
Thread model: posix
gcc version 6.5.0 (Linaro GCC 6.5-2018.12) 
COMPILER_PATH=/opt/gcc-linaro-6.5.0-2018.12-x86_64_aarch64-linux-gnu/bin/../libexec/gcc/aarch64-linux-gnu/6.5.0/:/opt/gcc-linaro-6.5.0-2018.12-x86_64_aarch64-linux-gnu/bin/../libexec/gcc/aarch64-linux-gnu/:/opt/gcc-linaro-6.5.0-2018.12-x86_64_aarch64-linux-gnu/bin/../libexec/gcc/:/opt/gcc-linaro-6.5.0-2018.12-x86_64_aarch64-linux-gnu/bin/../lib/gcc/aarch64-linux-gnu/6.5.0/../../../../aarch64-linux-gnu/bin/
LIBRARY_PATH=/opt/gcc-linaro-6.5.0-2018.12-x86_64_aarch64-linux-gnu/bin/../lib/gcc/aarch64-linux-gnu/6.5.0/:/opt/gcc-linaro-6.5.0-2018.12-x86_64_aarch64-linux-gnu/bin/../lib/gcc/aarch64-linux-gnu/:/opt/gcc-linaro-6.5.0-2018.12-x86_64_aarch64-linux-gnu/bin/../lib/gcc/:/opt/gcc-linaro-6.5.0-2018.12-x86_64_aarch64-linux-gnu/bin/../lib/gcc/aarch64-linux-gnu/6.5.0/../../../../aarch64-linux-gnu/lib/../lib64/:/opt/gcc-linaro-6.5.0-2018.12-x86_64_aarch64-linux-gnu/bin/../lib/gcc/aarch64-linux-gnu/6.5.0/../../../../aarch64-linux-gnu/lib/:/opt/gcc-linaro-6.5.0-2018.12-x86_64_aarch64-linux-gnu/bin/../aarch64-linux-gnu/libc/lib/:/opt/gcc-linaro-6.5.0-2018.12-x86_64_aarch64-linux-gnu/bin/../aarch64-linux-gnu/libc/usr/lib/
COLLECT_GCC_OPTIONS='-v' '-o' 'cmTC_dd6e1' '-rdynamic' '-march=armv8-a' '-mlittle-endian' '-mabi=lp64'
 /opt/gcc-linaro-6.5.0-2018.12-x86_64_aarch64-linux-gnu/bin/../libexec/gcc/aarch64-linux-gnu/6.5.0/collect2 -plugin /opt/gcc-linaro-6.5.0-2018.12-x86_64_aarch64-linux-gnu/bin/../libexec/gcc/aarch64-linux-gnu/6.5.0/liblto_plugin.so -plugin-opt=/opt/gcc-linaro-6.5.0-2018.12-x86_64_aarch64-linux-gnu/bin/../libexec/gcc/aarch64-linux-gnu/6.5.0/lto-wrapper -plugin-opt=-fresolution=/tmp/cccd3kEi.res -plugin-opt=-pass-through=-lgcc -plugin-opt=-pass-through=-lgcc_s -plugin-opt=-pass-through=-lc -plugin-opt=-pass-through=-lgcc -plugin-opt=-pass-through=-lgcc_s --sysroot=/opt/gcc-linaro-6.5.0-2018.12-x86_64_aarch64-linux-gnu/bin/../aarch64-linux-gnu/libc --build-id --eh-frame-hdr -export-dynamic -dynamic-linker /lib/ld-linux-aarch64.so.1 -X -EL -maarch64linux --fix-cortex-a53-835769 --fix-cortex-a53-843419 -o cmTC_dd6e1 /opt/gcc-linaro-6.5.0-2018.12-x86_64_aarch64-linux-gnu/bin/../aarch64-linux-gnu/libc/usr/lib/crt1.o /opt/gcc-linaro-6.5.0-2018.12-x86_64_aarch64-linux-gnu/bin/../aarch64-linux-gnu/libc/usr/lib/crti.o /opt/gcc-linaro-6.5.0-2018.12-x86_64_aarch64-linux-gnu/bin/../lib/gcc/aarch64-linux-gnu/6.5.0/crtbegin.o -L/opt/gcc-linaro-6.5.0-2018.12-x86_64_aarch64-linux-gnu/bin/../lib/gcc/aarch64-linux-gnu/6.5.0 -L/opt/gcc-linaro-6.5.0-2018.12-x86_64_aarch64-linux-gnu/bin/../lib/gcc/aarch64-linux-gnu -L/opt/gcc-linaro-6.5.0-2018.12-x86_64_aarch64-linux-gnu/bin/../lib/gcc -L/opt/gcc-linaro-6.5.0-2018.12-x86_64_aarch64-linux-gnu/bin/../lib/gcc/aarch64-linux-gnu/6.5.0/../../../../aarch64-linux-gnu/lib/../lib64 -L/opt/gcc-linaro-6.5.0-2018.12-x86_64_aarch64-linux-gnu/bin/../lib/gcc/aarch64-linux-gnu/6.5.0/../../../../aarch64-linux-gnu/lib -L/opt/gcc-linaro-6.5.0-2018.12-x86_64_aarch64-linux-gnu/bin/../aarch64-linux-gnu/libc/lib -L/opt/gcc-linaro-6.5.0-2018.12-x86_64_aarch64-linux-gnu/bin/../aarch64-linux-gnu/libc/usr/lib CMakeFiles/cmTC_dd6e1.dir/CMakeCCompilerABI.c.o -lgcc --as-needed -lgcc_s --no-as-needed -lc -lgcc --as-needed -lgcc_s --no-as-needed /opt/gcc-linaro-6.5.0-2018.12-x86_64_aarch64-linux-gnu/bin/../lib/gcc/aarch64-linux-gnu/6.5.0/crtend.o /opt/gcc-linaro-6.5.0-2018.12-x86_64_aarch64-linux-gnu/bin/../aarch64-linux-gnu/libc/usr/lib/crtn.o
COLLECT_GCC_OPTIONS='-v' '-o' 'cmTC_dd6e1' '-rdynamic' '-march=armv8-a' '-mlittle-endian' '-mabi=lp64'
gmake[1]: Leaving directory `/home/jenkins/workspace/ess_ai_express_component_1.0.15b/rtsp_server/build/CMakeFiles/CMakeTmp'


Parsed C implicit link information from above output:
  link line regex: [^( *|.*[/\])(ld|([^/\]+-)?ld|collect2)[^/\]*( |$)]
  ignore line: [Change Dir: /home/jenkins/workspace/ess_ai_express_component_1.0.15b/rtsp_server/build/CMakeFiles/CMakeTmp]
  ignore line: []
  ignore line: [Run Build Command:"/usr/bin/gmake" "cmTC_dd6e1/fast"]
  ignore line: [/usr/bin/gmake -f CMakeFiles/cmTC_dd6e1.dir/build.make CMakeFiles/cmTC_dd6e1.dir/build]
  ignore line: [gmake[1]: Entering directory `/home/jenkins/workspace/ess_ai_express_component_1.0.15b/rtsp_server/build/CMakeFiles/CMakeTmp']
  ignore line: [Building C object CMakeFiles/cmTC_dd6e1.dir/CMakeCCompilerABI.c.o]
  ignore line: [/opt/gcc-linaro-6.5.0-2018.12-x86_64_aarch64-linux-gnu/bin/aarch64-linux-gnu-gcc     -o CMakeFiles/cmTC_dd6e1.dir/CMakeCCompilerABI.c.o   -c /usr/local/share/cmake-3.7/Modules/CMakeCCompilerABI.c]
  ignore line: [Linking C executable cmTC_dd6e1]
  ignore line: [/usr/local/bin/cmake -E cmake_link_script CMakeFiles/cmTC_dd6e1.dir/link.txt --verbose=1]
  ignore line: [/opt/gcc-linaro-6.5.0-2018.12-x86_64_aarch64-linux-gnu/bin/aarch64-linux-gnu-gcc      -v CMakeFiles/cmTC_dd6e1.dir/CMakeCCompilerABI.c.o  -o cmTC_dd6e1 -rdynamic  ]
  ignore line: [Using built-in specs.]
  ignore line: [COLLECT_GCC=/opt/gcc-linaro-6.5.0-2018.12-x86_64_aarch64-linux-gnu/bin/aarch64-linux-gnu-gcc]
  ignore line: [COLLECT_LTO_WRAPPER=/opt/gcc-linaro-6.5.0-2018.12-x86_64_aarch64-linux-gnu/bin/../libexec/gcc/aarch64-linux-gnu/6.5.0/lto-wrapper]
  ignore line: [Target: aarch64-linux-gnu]
  ignore line: [Configured with: '/home/tcwg-buildslave/workspace/tcwg-make-release_1/snapshots/gcc.git~linaro-6.5-2018.12/configure' SHELL=/bin/bash --with-mpc=/home/tcwg-buildslave/workspace/tcwg-make-release_1/_build/builds/destdir/x86_64-unknown-linux-gnu --with-mpfr=/home/tcwg-buildslave/workspace/tcwg-make-release_1/_build/builds/destdir/x86_64-unknown-linux-gnu --with-gmp=/home/tcwg-buildslave/workspace/tcwg-make-release_1/_build/builds/destdir/x86_64-unknown-linux-gnu --with-gnu-as --with-gnu-ld --disable-libmudflap --enable-lto --enable-shared --without-included-gettext --enable-nls --with-system-zlib --disable-sjlj-exceptions --enable-gnu-unique-object --enable-linker-build-id --disable-libstdcxx-pch --enable-c99 --enable-clocale=gnu --enable-libstdcxx-debug --enable-long-long --with-cloog=no --with-ppl=no --with-isl=no --disable-multilib --enable-fix-cortex-a53-835769 --enable-fix-cortex-a53-843419 --with-arch=armv8-a --enable-threads=posix --enable-multiarch --enable-libstdcxx-time=yes --enable-gnu-indirect-function --with-build-sysroot=/home/tcwg-buildslave/workspace/tcwg-make-release_1/_build/sysroots/aarch64-linux-gnu --with-sysroot=/home/tcwg-buildslave/workspace/tcwg-make-release_1/_build/builds/destdir/x86_64-unknown-linux-gnu/aarch64-linux-gnu/libc --enable-checking=release --disable-bootstrap --enable-languages=c,c++,fortran,lto --build=x86_64-unknown-linux-gnu --host=x86_64-unknown-linux-gnu --target=aarch64-linux-gnu --prefix=/home/tcwg-buildslave/workspace/tcwg-make-release_1/_build/builds/destdir/x86_64-unknown-linux-gnu]
  ignore line: [Thread model: posix]
  ignore line: [gcc version 6.5.0 (Linaro GCC 6.5-2018.12) ]
  ignore line: [COMPILER_PATH=/opt/gcc-linaro-6.5.0-2018.12-x86_64_aarch64-linux-gnu/bin/../libexec/gcc/aarch64-linux-gnu/6.5.0/:/opt/gcc-linaro-6.5.0-2018.12-x86_64_aarch64-linux-gnu/bin/../libexec/gcc/aarch64-linux-gnu/:/opt/gcc-linaro-6.5.0-2018.12-x86_64_aarch64-linux-gnu/bin/../libexec/gcc/:/opt/gcc-linaro-6.5.0-2018.12-x86_64_aarch64-linux-gnu/bin/../lib/gcc/aarch64-linux-gnu/6.5.0/../../../../aarch64-linux-gnu/bin/]
  ignore line: [LIBRARY_PATH=/opt/gcc-linaro-6.5.0-2018.12-x86_64_aarch64-linux-gnu/bin/../lib/gcc/aarch64-linux-gnu/6.5.0/:/opt/gcc-linaro-6.5.0-2018.12-x86_64_aarch64-linux-gnu/bin/../lib/gcc/aarch64-linux-gnu/:/opt/gcc-linaro-6.5.0-2018.12-x86_64_aarch64-linux-gnu/bin/../lib/gcc/:/opt/gcc-linaro-6.5.0-2018.12-x86_64_aarch64-linux-gnu/bin/../lib/gcc/aarch64-linux-gnu/6.5.0/../../../../aarch64-linux-gnu/lib/../lib64/:/opt/gcc-linaro-6.5.0-2018.12-x86_64_aarch64-linux-gnu/bin/../lib/gcc/aarch64-linux-gnu/6.5.0/../../../../aarch64-linux-gnu/lib/:/opt/gcc-linaro-6.5.0-2018.12-x86_64_aarch64-linux-gnu/bin/../aarch64-linux-gnu/libc/lib/:/opt/gcc-linaro-6.5.0-2018.12-x86_64_aarch64-linux-gnu/bin/../aarch64-linux-gnu/libc/usr/lib/]
  ignore line: [COLLECT_GCC_OPTIONS='-v' '-o' 'cmTC_dd6e1' '-rdynamic' '-march=armv8-a' '-mlittle-endian' '-mabi=lp64']
  link line: [ /opt/gcc-linaro-6.5.0-2018.12-x86_64_aarch64-linux-gnu/bin/../libexec/gcc/aarch64-linux-gnu/6.5.0/collect2 -plugin /opt/gcc-linaro-6.5.0-2018.12-x86_64_aarch64-linux-gnu/bin/../libexec/gcc/aarch64-linux-gnu/6.5.0/liblto_plugin.so -plugin-opt=/opt/gcc-linaro-6.5.0-2018.12-x86_64_aarch64-linux-gnu/bin/../libexec/gcc/aarch64-linux-gnu/6.5.0/lto-wrapper -plugin-opt=-fresolution=/tmp/cccd3kEi.res -plugin-opt=-pass-through=-lgcc -plugin-opt=-pass-through=-lgcc_s -plugin-opt=-pass-through=-lc -plugin-opt=-pass-through=-lgcc -plugin-opt=-pass-through=-lgcc_s --sysroot=/opt/gcc-linaro-6.5.0-2018.12-x86_64_aarch64-linux-gnu/bin/../aarch64-linux-gnu/libc --build-id --eh-frame-hdr -export-dynamic -dynamic-linker /lib/ld-linux-aarch64.so.1 -X -EL -maarch64linux --fix-cortex-a53-835769 --fix-cortex-a53-843419 -o cmTC_dd6e1 /opt/gcc-linaro-6.5.0-2018.12-x86_64_aarch64-linux-gnu/bin/../aarch64-linux-gnu/libc/usr/lib/crt1.o /opt/gcc-linaro-6.5.0-2018.12-x86_64_aarch64-linux-gnu/bin/../aarch64-linux-gnu/libc/usr/lib/crti.o /opt/gcc-linaro-6.5.0-2018.12-x86_64_aarch64-linux-gnu/bin/../lib/gcc/aarch64-linux-gnu/6.5.0/crtbegin.o -L/opt/gcc-linaro-6.5.0-2018.12-x86_64_aarch64-linux-gnu/bin/../lib/gcc/aarch64-linux-gnu/6.5.0 -L/opt/gcc-linaro-6.5.0-2018.12-x86_64_aarch64-linux-gnu/bin/../lib/gcc/aarch64-linux-gnu -L/opt/gcc-linaro-6.5.0-2018.12-x86_64_aarch64-linux-gnu/bin/../lib/gcc -L/opt/gcc-linaro-6.5.0-2018.12-x86_64_aarch64-linux-gnu/bin/../lib/gcc/aarch64-linux-gnu/6.5.0/../../../../aarch64-linux-gnu/lib/../lib64 -L/opt/gcc-linaro-6.5.0-2018.12-x86_64_aarch64-linux-gnu/bin/../lib/gcc/aarch64-linux-gnu/6.5.0/../../../../aarch64-linux-gnu/lib -L/opt/gcc-linaro-6.5.0-2018.12-x86_64_aarch64-linux-gnu/bin/../aarch64-linux-gnu/libc/lib -L/opt/gcc-linaro-6.5.0-2018.12-x86_64_aarch64-linux-gnu/bin/../aarch64-linux-gnu/libc/usr/lib CMakeFiles/cmTC_dd6e1.dir/CMakeCCompilerABI.c.o -lgcc --as-needed -lgcc_s --no-as-needed -lc -lgcc --as-needed -lgcc_s --no-as-needed /opt/gcc-linaro-6.5.0-2018.12-x86_64_aarch64-linux-gnu/bin/../lib/gcc/aarch64-linux-gnu/6.5.0/crtend.o /opt/gcc-linaro-6.5.0-2018.12-x86_64_aarch64-linux-gnu/bin/../aarch64-linux-gnu/libc/usr/lib/crtn.o]
    arg [/opt/gcc-linaro-6.5.0-2018.12-x86_64_aarch64-linux-gnu/bin/../libexec/gcc/aarch64-linux-gnu/6.5.0/collect2] ==> ignore
    arg [-plugin] ==> ignore
    arg [/opt/gcc-linaro-6.5.0-2018.12-x86_64_aarch64-linux-gnu/bin/../libexec/gcc/aarch64-linux-gnu/6.5.0/liblto_plugin.so] ==> ignore
    arg [-plugin-opt=/opt/gcc-linaro-6.5.0-2018.12-x86_64_aarch64-linux-gnu/bin/../libexec/gcc/aarch64-linux-gnu/6.5.0/lto-wrapper] ==> ignore
    arg [-plugin-opt=-fresolution=/tmp/cccd3kEi.res] ==> ignore
    arg [-plugin-opt=-pass-through=-lgcc] ==> ignore
    arg [-plugin-opt=-pass-through=-lgcc_s] ==> ignore
    arg [-plugin-opt=-pass-through=-lc] ==> ignore
    arg [-plugin-opt=-pass-through=-lgcc] ==> ignore
    arg [-plugin-opt=-pass-through=-lgcc_s] ==> ignore
    arg [--sysroot=/opt/gcc-linaro-6.5.0-2018.12-x86_64_aarch64-linux-gnu/bin/../aarch64-linux-gnu/libc] ==> ignore
    arg [--build-id] ==> ignore
    arg [--eh-frame-hdr] ==> ignore
    arg [-export-dynamic] ==> ignore
    arg [-dynamic-linker] ==> ignore
    arg [/lib/ld-linux-aarch64.so.1] ==> ignore
    arg [-X] ==> ignore
    arg [-EL] ==> ignore
    arg [-maarch64linux] ==> ignore
    arg [--fix-cortex-a53-835769] ==> ignore
    arg [--fix-cortex-a53-843419] ==> ignore
    arg [-o] ==> ignore
    arg [cmTC_dd6e1] ==> ignore
    arg [/opt/gcc-linaro-6.5.0-2018.12-x86_64_aarch64-linux-gnu/bin/../aarch64-linux-gnu/libc/usr/lib/crt1.o] ==> ignore
    arg [/opt/gcc-linaro-6.5.0-2018.12-x86_64_aarch64-linux-gnu/bin/../aarch64-linux-gnu/libc/usr/lib/crti.o] ==> ignore
    arg [/opt/gcc-linaro-6.5.0-2018.12-x86_64_aarch64-linux-gnu/bin/../lib/gcc/aarch64-linux-gnu/6.5.0/crtbegin.o] ==> ignore
    arg [-L/opt/gcc-linaro-6.5.0-2018.12-x86_64_aarch64-linux-gnu/bin/../lib/gcc/aarch64-linux-gnu/6.5.0] ==> dir [/opt/gcc-linaro-6.5.0-2018.12-x86_64_aarch64-linux-gnu/bin/../lib/gcc/aarch64-linux-gnu/6.5.0]
    arg [-L/opt/gcc-linaro-6.5.0-2018.12-x86_64_aarch64-linux-gnu/bin/../lib/gcc/aarch64-linux-gnu] ==> dir [/opt/gcc-linaro-6.5.0-2018.12-x86_64_aarch64-linux-gnu/bin/../lib/gcc/aarch64-linux-gnu]
    arg [-L/opt/gcc-linaro-6.5.0-2018.12-x86_64_aarch64-linux-gnu/bin/../lib/gcc] ==> dir [/opt/gcc-linaro-6.5.0-2018.12-x86_64_aarch64-linux-gnu/bin/../lib/gcc]
    arg [-L/opt/gcc-linaro-6.5.0-2018.12-x86_64_aarch64-linux-gnu/bin/../lib/gcc/aarch64-linux-gnu/6.5.0/../../../../aarch64-linux-gnu/lib/../lib64] ==> dir [/opt/gcc-linaro-6.5.0-2018.12-x86_64_aarch64-linux-gnu/bin/../lib/gcc/aarch64-linux-gnu/6.5.0/../../../../aarch64-linux-gnu/lib/../lib64]
    arg [-L/opt/gcc-linaro-6.5.0-2018.12-x86_64_aarch64-linux-gnu/bin/../lib/gcc/aarch64-linux-gnu/6.5.0/../../../../aarch64-linux-gnu/lib] ==> dir [/opt/gcc-linaro-6.5.0-2018.12-x86_64_aarch64-linux-gnu/bin/../lib/gcc/aarch64-linux-gnu/6.5.0/../../../../aarch64-linux-gnu/lib]
    arg [-L/opt/gcc-linaro-6.5.0-2018.12-x86_64_aarch64-linux-gnu/bin/../aarch64-linux-gnu/libc/lib] ==> dir [/opt/gcc-linaro-6.5.0-2018.12-x86_64_aarch64-linux-gnu/bin/../aarch64-linux-gnu/libc/lib]
    arg [-L/opt/gcc-linaro-6.5.0-2018.12-x86_64_aarch64-linux-gnu/bin/../aarch64-linux-gnu/libc/usr/lib] ==> dir [/opt/gcc-linaro-6.5.0-2018.12-x86_64_aarch64-linux-gnu/bin/../aarch64-linux-gnu/libc/usr/lib]
    arg [CMakeFiles/cmTC_dd6e1.dir/CMakeCCompilerABI.c.o] ==> ignore
    arg [-lgcc] ==> lib [gcc]
    arg [--as-needed] ==> ignore
    arg [-lgcc_s] ==> lib [gcc_s]
    arg [--no-as-needed] ==> ignore
    arg [-lc] ==> lib [c]
    arg [-lgcc] ==> lib [gcc]
    arg [--as-needed] ==> ignore
    arg [-lgcc_s] ==> lib [gcc_s]
    arg [--no-as-needed] ==> ignore
    arg [/opt/gcc-linaro-6.5.0-2018.12-x86_64_aarch64-linux-gnu/bin/../lib/gcc/aarch64-linux-gnu/6.5.0/crtend.o] ==> ignore
    arg [/opt/gcc-linaro-6.5.0-2018.12-x86_64_aarch64-linux-gnu/bin/../aarch64-linux-gnu/libc/usr/lib/crtn.o] ==> ignore
  remove lib [gcc]
  remove lib [gcc_s]
  remove lib [gcc]
  remove lib [gcc_s]
  collapse library dir [/opt/gcc-linaro-6.5.0-2018.12-x86_64_aarch64-linux-gnu/bin/../lib/gcc/aarch64-linux-gnu/6.5.0] ==> [/opt/gcc-linaro-6.5.0-2018.12-x86_64_aarch64-linux-gnu/lib/gcc/aarch64-linux-gnu/6.5.0]
  collapse library dir [/opt/gcc-linaro-6.5.0-2018.12-x86_64_aarch64-linux-gnu/bin/../lib/gcc/aarch64-linux-gnu] ==> [/opt/gcc-linaro-6.5.0-2018.12-x86_64_aarch64-linux-gnu/lib/gcc/aarch64-linux-gnu]
  collapse library dir [/opt/gcc-linaro-6.5.0-2018.12-x86_64_aarch64-linux-gnu/bin/../lib/gcc] ==> [/opt/gcc-linaro-6.5.0-2018.12-x86_64_aarch64-linux-gnu/lib/gcc]
  collapse library dir [/opt/gcc-linaro-6.5.0-2018.12-x86_64_aarch64-linux-gnu/bin/../lib/gcc/aarch64-linux-gnu/6.5.0/../../../../aarch64-linux-gnu/lib/../lib64] ==> [/opt/gcc-linaro-6.5.0-2018.12-x86_64_aarch64-linux-gnu/aarch64-linux-gnu/lib64]
  collapse library dir [/opt/gcc-linaro-6.5.0-2018.12-x86_64_aarch64-linux-gnu/bin/../lib/gcc/aarch64-linux-gnu/6.5.0/../../../../aarch64-linux-gnu/lib] ==> [/opt/gcc-linaro-6.5.0-2018.12-x86_64_aarch64-linux-gnu/aarch64-linux-gnu/lib]
  collapse library dir [/opt/gcc-linaro-6.5.0-2018.12-x86_64_aarch64-linux-gnu/bin/../aarch64-linux-gnu/libc/lib] ==> [/opt/gcc-linaro-6.5.0-2018.12-x86_64_aarch64-linux-gnu/aarch64-linux-gnu/libc/lib]
  collapse library dir [/opt/gcc-linaro-6.5.0-2018.12-x86_64_aarch64-linux-gnu/bin/../aarch64-linux-gnu/libc/usr/lib] ==> [/opt/gcc-linaro-6.5.0-2018.12-x86_64_aarch64-linux-gnu/aarch64-linux-gnu/libc/usr/lib]
  implicit libs: [c]
  implicit dirs: [/opt/gcc-linaro-6.5.0-2018.12-x86_64_aarch64-linux-gnu/lib/gcc/aarch64-linux-gnu/6.5.0;/opt/gcc-linaro-6.5.0-2018.12-x86_64_aarch64-linux-gnu/lib/gcc/aarch64-linux-gnu;/opt/gcc-linaro-6.5.0-2018.12-x86_64_aarch64-linux-gnu/lib/gcc;/opt/gcc-linaro-6.5.0-2018.12-x86_64_aarch64-linux-gnu/aarch64-linux-gnu/lib64;/opt/gcc-linaro-6.5.0-2018.12-x86_64_aarch64-linux-gnu/aarch64-linux-gnu/lib;/opt/gcc-linaro-6.5.0-2018.12-x86_64_aarch64-linux-gnu/aarch64-linux-gnu/libc/lib;/opt/gcc-linaro-6.5.0-2018.12-x86_64_aarch64-linux-gnu/aarch64-linux-gnu/libc/usr/lib]
  implicit fwks: []




Detecting C [-std=c11] compiler features compiled with the following output:
Change Dir: /home/jenkins/workspace/ess_ai_express_component_1.0.15b/rtsp_server/build/CMakeFiles/CMakeTmp

Run Build Command:"/usr/bin/gmake" "cmTC_66932/fast"
/usr/bin/gmake -f CMakeFiles/cmTC_66932.dir/build.make CMakeFiles/cmTC_66932.dir/build
gmake[1]: Entering directory `/home/jenkins/workspace/ess_ai_express_component_1.0.15b/rtsp_server/build/CMakeFiles/CMakeTmp'
Building C object CMakeFiles/cmTC_66932.dir/feature_tests.c.o
/opt/gcc-linaro-6.5.0-2018.12-x86_64_aarch64-linux-gnu/bin/aarch64-linux-gnu-gcc    -std=c11 -o CMakeFiles/cmTC_66932.dir/feature_tests.c.o   -c /home/jenkins/workspace/ess_ai_express_component_1.0.15b/rtsp_server/build/CMakeFiles/feature_tests.c
Linking C executable cmTC_66932
/usr/local/bin/cmake -E cmake_link_script CMakeFiles/cmTC_66932.dir/link.txt --verbose=1
/opt/gcc-linaro-6.5.0-2018.12-x86_64_aarch64-linux-gnu/bin/aarch64-linux-gnu-gcc       CMakeFiles/cmTC_66932.dir/feature_tests.c.o  -o cmTC_66932 -rdynamic 
gmake[1]: Leaving directory `/home/jenkins/workspace/ess_ai_express_component_1.0.15b/rtsp_server/build/CMakeFiles/CMakeTmp'


    Feature record: C_FEATURE:1c_function_prototypes
    Feature record: C_FEATURE:1c_restrict
    Feature record: C_FEATURE:1c_static_assert
    Feature record: C_FEATURE:1c_variadic_macros


Detecting C [-std=c99] compiler features compiled with the following output:
Change Dir: /home/jenkins/workspace/ess_ai_express_component_1.0.15b/rtsp_server/build/CMakeFiles/CMakeTmp

Run Build Command:"/usr/bin/gmake" "cmTC_a7119/fast"
/usr/bin/gmake -f CMakeFiles/cmTC_a7119.dir/build.make CMakeFiles/cmTC_a7119.dir/build
gmake[1]: Entering directory `/home/jenkins/workspace/ess_ai_express_component_1.0.15b/rtsp_server/build/CMakeFiles/CMakeTmp'
Building C object CMakeFiles/cmTC_a7119.dir/feature_tests.c.o
/opt/gcc-linaro-6.5.0-2018.12-x86_64_aarch64-linux-gnu/bin/aarch64-linux-gnu-gcc    -std=c99 -o CMakeFiles/cmTC_a7119.dir/feature_tests.c.o   -c /home/jenkins/workspace/ess_ai_express_component_1.0.15b/rtsp_server/build/CMakeFiles/feature_tests.c
Linking C executable cmTC_a7119
/usr/local/bin/cmake -E cmake_link_script CMakeFiles/cmTC_a7119.dir/link.txt --verbose=1
/opt/gcc-linaro-6.5.0-2018.12-x86_64_aarch64-linux-gnu/bin/aarch64-linux-gnu-gcc       CMakeFiles/cmTC_a7119.dir/feature_tests.c.o  -o cmTC_a7119 -rdynamic 
gmake[1]: Leaving directory `/home/jenkins/workspace/ess_ai_express_component_1.0.15b/rtsp_server/build/CMakeFiles/CMakeTmp'


    Feature record: C_FEATURE:1c_function_prototypes
    Feature record: C_FEATURE:1c_restrict
    Feature record: C_FEATURE:0c_static_assert
    Feature record: C_FEATURE:1c_variadic_macros


Detecting C [-std=c90] compiler features compiled with the following output:
Change Dir: /home/jenkins/workspace/ess_ai_express_component_1.0.15b/rtsp_server/build/CMakeFiles/CMakeTmp

Run Build Command:"/usr/bin/gmake" "cmTC_996d3/fast"
/usr/bin/gmake -f CMakeFiles/cmTC_996d3.dir/build.make CMakeFiles/cmTC_996d3.dir/build
gmake[1]: Entering directory `/home/jenkins/workspace/ess_ai_express_component_1.0.15b/rtsp_server/build/CMakeFiles/CMakeTmp'
Building C object CMakeFiles/cmTC_996d3.dir/feature_tests.c.o
/opt/gcc-linaro-6.5.0-2018.12-x86_64_aarch64-linux-gnu/bin/aarch64-linux-gnu-gcc    -std=c90 -o CMakeFiles/cmTC_996d3.dir/feature_tests.c.o   -c /home/jenkins/workspace/ess_ai_express_component_1.0.15b/rtsp_server/build/CMakeFiles/feature_tests.c
Linking C executable cmTC_996d3
/usr/local/bin/cmake -E cmake_link_script CMakeFiles/cmTC_996d3.dir/link.txt --verbose=1
/opt/gcc-linaro-6.5.0-2018.12-x86_64_aarch64-linux-gnu/bin/aarch64-linux-gnu-gcc       CMakeFiles/cmTC_996d3.dir/feature_tests.c.o  -o cmTC_996d3 -rdynamic 
gmake[1]: Leaving directory `/home/jenkins/workspace/ess_ai_express_component_1.0.15b/rtsp_server/build/CMakeFiles/CMakeTmp'


    Feature record: C_FEATURE:1c_function_prototypes
    Feature record: C_FEATURE:0c_restrict
    Feature record: C_FEATURE:0c_static_assert
    Feature record: C_FEATURE:0c_variadic_macros
Determining if the CXX compiler works passed with the following output:
Change Dir: /home/jenkins/workspace/ess_ai_express_component_1.0.15b/rtsp_server/build/CMakeFiles/CMakeTmp

Run Build Command:"/usr/bin/gmake" "cmTC_8caa2/fast"
/usr/bin/gmake -f CMakeFiles/cmTC_8caa2.dir/build.make CMakeFiles/cmTC_8caa2.dir/build
gmake[1]: Entering directory `/home/jenkins/workspace/ess_ai_express_component_1.0.15b/rtsp_server/build/CMakeFiles/CMakeTmp'
Building CXX object CMakeFiles/cmTC_8caa2.dir/testCXXCompiler.cxx.o
/opt/gcc-linaro-6.5.0-2018.12-x86_64_aarch64-linux-gnu/bin/aarch64-linux-gnu-g++      -o CMakeFiles/cmTC_8caa2.dir/testCXXCompiler.cxx.o -c /home/jenkins/workspace/ess_ai_express_component_1.0.15b/rtsp_server/build/CMakeFiles/CMakeTmp/testCXXCompiler.cxx
Linking CXX executable cmTC_8caa2
/usr/local/bin/cmake -E cmake_link_script CMakeFiles/cmTC_8caa2.dir/link.txt --verbose=1
/opt/gcc-linaro-6.5.0-2018.12-x86_64_aarch64-linux-gnu/bin/aarch64-linux-gnu-g++        CMakeFiles/cmTC_8caa2.dir/testCXXCompiler.cxx.o  -o cmTC_8caa2 -rdynamic 
gmake[1]: Leaving directory `/home/jenkins/workspace/ess_ai_express_component_1.0.15b/rtsp_server/build/CMakeFiles/CMakeTmp'


Detecting CXX compiler ABI info compiled with the following output:
Change Dir: /home/jenkins/workspace/ess_ai_express_component_1.0.15b/rtsp_server/build/CMakeFiles/CMakeTmp

Run Build Command:"/usr/bin/gmake" "cmTC_92921/fast"
/usr/bin/gmake -f CMakeFiles/cmTC_92921.dir/build.make CMakeFiles/cmTC_92921.dir/build
gmake[1]: Entering directory `/home/jenkins/workspace/ess_ai_express_component_1.0.15b/rtsp_server/build/CMakeFiles/CMakeTmp'
Building CXX object CMakeFiles/cmTC_92921.dir/CMakeCXXCompilerABI.cpp.o
/opt/gcc-linaro-6.5.0-2018.12-x86_64_aarch64-linux-gnu/bin/aarch64-linux-gnu-g++      -o CMakeFiles/cmTC_92921.dir/CMakeCXXCompilerABI.cpp.o -c /usr/local/share/cmake-3.7/Modules/CMakeCXXCompilerABI.cpp
Linking CXX executable cmTC_92921
/usr/local/bin/cmake -E cmake_link_script CMakeFiles/cmTC_92921.dir/link.txt --verbose=1
/opt/gcc-linaro-6.5.0-2018.12-x86_64_aarch64-linux-gnu/bin/aarch64-linux-gnu-g++       -v CMakeFiles/cmTC_92921.dir/CMakeCXXCompilerABI.cpp.o  -o cmTC_92921 -rdynamic  
Using built-in specs.
COLLECT_GCC=/opt/gcc-linaro-6.5.0-2018.12-x86_64_aarch64-linux-gnu/bin/aarch64-linux-gnu-g++
COLLECT_LTO_WRAPPER=/opt/gcc-linaro-6.5.0-2018.12-x86_64_aarch64-linux-gnu/bin/../libexec/gcc/aarch64-linux-gnu/6.5.0/lto-wrapper
Target: aarch64-linux-gnu
Configured with: '/home/tcwg-buildslave/workspace/tcwg-make-release_1/snapshots/gcc.git~linaro-6.5-2018.12/configure' SHELL=/bin/bash --with-mpc=/home/tcwg-buildslave/workspace/tcwg-make-release_1/_build/builds/destdir/x86_64-unknown-linux-gnu --with-mpfr=/home/tcwg-buildslave/workspace/tcwg-make-release_1/_build/builds/destdir/x86_64-unknown-linux-gnu --with-gmp=/home/tcwg-buildslave/workspace/tcwg-make-release_1/_build/builds/destdir/x86_64-unknown-linux-gnu --with-gnu-as --with-gnu-ld --disable-libmudflap --enable-lto --enable-shared --without-included-gettext --enable-nls --with-system-zlib --disable-sjlj-exceptions --enable-gnu-unique-object --enable-linker-build-id --disable-libstdcxx-pch --enable-c99 --enable-clocale=gnu --enable-libstdcxx-debug --enable-long-long --with-cloog=no --with-ppl=no --with-isl=no --disable-multilib --enable-fix-cortex-a53-835769 --enable-fix-cortex-a53-843419 --with-arch=armv8-a --enable-threads=posix --enable-multiarch --enable-libstdcxx-time=yes --enable-gnu-indirect-function --with-build-sysroot=/home/tcwg-buildslave/workspace/tcwg-make-release_1/_build/sysroots/aarch64-linux-gnu --with-sysroot=/home/tcwg-buildslave/workspace/tcwg-make-release_1/_build/builds/destdir/x86_64-unknown-linux-gnu/aarch64-linux-gnu/libc --enable-checking=release --disable-bootstrap --enable-languages=c,c++,fortran,lto --build=x86_64-unknown-linux-gnu --host=x86_64-unknown-linux-gnu --target=aarch64-linux-gnu --prefix=/home/tcwg-buildslave/workspace/tcwg-make-release_1/_build/builds/destdir/x86_64-unknown-linux-gnu
Thread model: posix
gcc version 6.5.0 (Linaro GCC 6.5-2018.12) 
COMPILER_PATH=/opt/gcc-linaro-6.5.0-2018.12-x86_64_aarch64-linux-gnu/bin/../libexec/gcc/aarch64-linux-gnu/6.5.0/:/opt/gcc-linaro-6.5.0-2018.12-x86_64_aarch64-linux-gnu/bin/../libexec/gcc/aarch64-linux-gnu/:/opt/gcc-linaro-6.5.0-2018.12-x86_64_aarch64-linux-gnu/bin/../libexec/gcc/:/opt/gcc-linaro-6.5.0-2018.12-x86_64_aarch64-linux-gnu/bin/../lib/gcc/aarch64-linux-gnu/6.5.0/../../../../aarch64-linux-gnu/bin/
LIBRARY_PATH=/opt/gcc-linaro-6.5.0-2018.12-x86_64_aarch64-linux-gnu/bin/../lib/gcc/aarch64-linux-gnu/6.5.0/:/opt/gcc-linaro-6.5.0-2018.12-x86_64_aarch64-linux-gnu/bin/../lib/gcc/aarch64-linux-gnu/:/opt/gcc-linaro-6.5.0-2018.12-x86_64_aarch64-linux-gnu/bin/../lib/gcc/:/opt/gcc-linaro-6.5.0-2018.12-x86_64_aarch64-linux-gnu/bin/../lib/gcc/aarch64-linux-gnu/6.5.0/../../../../aarch64-linux-gnu/lib/../lib64/:/opt/gcc-linaro-6.5.0-2018.12-x86_64_aarch64-linux-gnu/bin/../lib/gcc/aarch64-linux-gnu/6.5.0/../../../../aarch64-linux-gnu/lib/:/opt/gcc-linaro-6.5.0-2018.12-x86_64_aarch64-linux-gnu/bin/../aarch64-linux-gnu/libc/lib/:/opt/gcc-linaro-6.5.0-2018.12-x86_64_aarch64-linux-gnu/bin/../aarch64-linux-gnu/libc/usr/lib/
COLLECT_GCC_OPTIONS='-v' '-o' 'cmTC_92921' '-rdynamic' '-shared-libgcc' '-march=armv8-a' '-mlittle-endian' '-mabi=lp64'
 /opt/gcc-linaro-6.5.0-2018.12-x86_64_aarch64-linux-gnu/bin/../libexec/gcc/aarch64-linux-gnu/6.5.0/collect2 -plugin /opt/gcc-linaro-6.5.0-2018.12-x86_64_aarch64-linux-gnu/bin/../libexec/gcc/aarch64-linux-gnu/6.5.0/liblto_plugin.so -plugin-opt=/opt/gcc-linaro-6.5.0-2018.12-x86_64_aarch64-linux-gnu/bin/../libexec/gcc/aarch64-linux-gnu/6.5.0/lto-wrapper -plugin-opt=-fresolution=/tmp/ccOS7Uyo.res -plugin-opt=-pass-through=-lgcc_s -plugin-opt=-pass-through=-lgcc -plugin-opt=-pass-through=-lc -plugin-opt=-pass-through=-lgcc_s -plugin-opt=-pass-through=-lgcc --sysroot=/opt/gcc-linaro-6.5.0-2018.12-x86_64_aarch64-linux-gnu/bin/../aarch64-linux-gnu/libc --build-id --eh-frame-hdr -export-dynamic -dynamic-linker /lib/ld-linux-aarch64.so.1 -X -EL -maarch64linux --fix-cortex-a53-835769 --fix-cortex-a53-843419 -o cmTC_92921 /opt/gcc-linaro-6.5.0-2018.12-x86_64_aarch64-linux-gnu/bin/../aarch64-linux-gnu/libc/usr/lib/crt1.o /opt/gcc-linaro-6.5.0-2018.12-x86_64_aarch64-linux-gnu/bin/../aarch64-linux-gnu/libc/usr/lib/crti.o /opt/gcc-linaro-6.5.0-2018.12-x86_64_aarch64-linux-gnu/bin/../lib/gcc/aarch64-linux-gnu/6.5.0/crtbegin.o -L/opt/gcc-linaro-6.5.0-2018.12-x86_64_aarch64-linux-gnu/bin/../lib/gcc/aarch64-linux-gnu/6.5.0 -L/opt/gcc-linaro-6.5.0-2018.12-x86_64_aarch64-linux-gnu/bin/../lib/gcc/aarch64-linux-gnu -L/opt/gcc-linaro-6.5.0-2018.12-x86_64_aarch64-linux-gnu/bin/../lib/gcc -L/opt/gcc-linaro-6.5.0-2018.12-x86_64_aarch64-linux-gnu/bin/../lib/gcc/aarch64-linux-gnu/6.5.0/../../../../aarch64-linux-gnu/lib/../lib64 -L/opt/gcc-linaro-6.5.0-2018.12-x86_64_aarch64-linux-gnu/bin/../lib/gcc/aarch64-linux-gnu/6.5.0/../../../../aarch64-linux-gnu/lib -L/opt/gcc-linaro-6.5.0-2018.12-x86_64_aarch64-linux-gnu/bin/../aarch64-linux-gnu/libc/lib -L/opt/gcc-linaro-6.5.0-2018.12-x86_64_aarch64-linux-gnu/bin/../aarch64-linux-gnu/libc/usr/lib CMakeFiles/cmTC_92921.dir/CMakeCXXCompilerABI.cpp.o -lstdc++ -lm -lgcc_s -lgcc -lc -lgcc_s -lgcc /opt/gcc-linaro-6.5.0-2018.12-x86_64_aarch64-linux-gnu/bin/../lib/gcc/aarch64-linux-gnu/6.5.0/crtend.o /opt/gcc-linaro-6.5.0-2018.12-x86_64_aarch64-linux-gnu/bin/../aarch64-linux-gnu/libc/usr/lib/crtn.o
COLLECT_GCC_OPTIONS='-v' '-o' 'cmTC_92921' '-rdynamic' '-shared-libgcc' '-march=armv8-a' '-mlittle-endian' '-mabi=lp64'
gmake[1]: Leaving directory `/home/jenkins/workspace/ess_ai_express_component_1.0.15b/rtsp_server/build/CMakeFiles/CMakeTmp'


Parsed CXX implicit link information from above output:
  link line regex: [^( *|.*[/\])(ld|([^/\]+-)?ld|collect2)[^/\]*( |$)]
  ignore line: [Change Dir: /home/jenkins/workspace/ess_ai_express_component_1.0.15b/rtsp_server/build/CMakeFiles/CMakeTmp]
  ignore line: []
  ignore line: [Run Build Command:"/usr/bin/gmake" "cmTC_92921/fast"]
  ignore line: [/usr/bin/gmake -f CMakeFiles/cmTC_92921.dir/build.make CMakeFiles/cmTC_92921.dir/build]
  ignore line: [gmake[1]: Entering directory `/home/jenkins/workspace/ess_ai_express_component_1.0.15b/rtsp_server/build/CMakeFiles/CMakeTmp']
  ignore line: [Building CXX object CMakeFiles/cmTC_92921.dir/CMakeCXXCompilerABI.cpp.o]
  ignore line: [/opt/gcc-linaro-6.5.0-2018.12-x86_64_aarch64-linux-gnu/bin/aarch64-linux-gnu-g++      -o CMakeFiles/cmTC_92921.dir/CMakeCXXCompilerABI.cpp.o -c /usr/local/share/cmake-3.7/Modules/CMakeCXXCompilerABI.cpp]
  ignore line: [Linking CXX executable cmTC_92921]
  ignore line: [/usr/local/bin/cmake -E cmake_link_script CMakeFiles/cmTC_92921.dir/link.txt --verbose=1]
  ignore line: [/opt/gcc-linaro-6.5.0-2018.12-x86_64_aarch64-linux-gnu/bin/aarch64-linux-gnu-g++       -v CMakeFiles/cmTC_92921.dir/CMakeCXXCompilerABI.cpp.o  -o cmTC_92921 -rdynamic  ]
  ignore line: [Using built-in specs.]
  ignore line: [COLLECT_GCC=/opt/gcc-linaro-6.5.0-2018.12-x86_64_aarch64-linux-gnu/bin/aarch64-linux-gnu-g++]
  ignore line: [COLLECT_LTO_WRAPPER=/opt/gcc-linaro-6.5.0-2018.12-x86_64_aarch64-linux-gnu/bin/../libexec/gcc/aarch64-linux-gnu/6.5.0/lto-wrapper]
  ignore line: [Target: aarch64-linux-gnu]
  ignore line: [Configured with: '/home/tcwg-buildslave/workspace/tcwg-make-release_1/snapshots/gcc.git~linaro-6.5-2018.12/configure' SHELL=/bin/bash --with-mpc=/home/tcwg-buildslave/workspace/tcwg-make-release_1/_build/builds/destdir/x86_64-unknown-linux-gnu --with-mpfr=/home/tcwg-buildslave/workspace/tcwg-make-release_1/_build/builds/destdir/x86_64-unknown-linux-gnu --with-gmp=/home/tcwg-buildslave/workspace/tcwg-make-release_1/_build/builds/destdir/x86_64-unknown-linux-gnu --with-gnu-as --with-gnu-ld --disable-libmudflap --enable-lto --enable-shared --without-included-gettext --enable-nls --with-system-zlib --disable-sjlj-exceptions --enable-gnu-unique-object --enable-linker-build-id --disable-libstdcxx-pch --enable-c99 --enable-clocale=gnu --enable-libstdcxx-debug --enable-long-long --with-cloog=no --with-ppl=no --with-isl=no --disable-multilib --enable-fix-cortex-a53-835769 --enable-fix-cortex-a53-843419 --with-arch=armv8-a --enable-threads=posix --enable-multiarch --enable-libstdcxx-time=yes --enable-gnu-indirect-function --with-build-sysroot=/home/tcwg-buildslave/workspace/tcwg-make-release_1/_build/sysroots/aarch64-linux-gnu --with-sysroot=/home/tcwg-buildslave/workspace/tcwg-make-release_1/_build/builds/destdir/x86_64-unknown-linux-gnu/aarch64-linux-gnu/libc --enable-checking=release --disable-bootstrap --enable-languages=c,c++,fortran,lto --build=x86_64-unknown-linux-gnu --host=x86_64-unknown-linux-gnu --target=aarch64-linux-gnu --prefix=/home/tcwg-buildslave/workspace/tcwg-make-release_1/_build/builds/destdir/x86_64-unknown-linux-gnu]
  ignore line: [Thread model: posix]
  ignore line: [gcc version 6.5.0 (Linaro GCC 6.5-2018.12) ]
  ignore line: [COMPILER_PATH=/opt/gcc-linaro-6.5.0-2018.12-x86_64_aarch64-linux-gnu/bin/../libexec/gcc/aarch64-linux-gnu/6.5.0/:/opt/gcc-linaro-6.5.0-2018.12-x86_64_aarch64-linux-gnu/bin/../libexec/gcc/aarch64-linux-gnu/:/opt/gcc-linaro-6.5.0-2018.12-x86_64_aarch64-linux-gnu/bin/../libexec/gcc/:/opt/gcc-linaro-6.5.0-2018.12-x86_64_aarch64-linux-gnu/bin/../lib/gcc/aarch64-linux-gnu/6.5.0/../../../../aarch64-linux-gnu/bin/]
  ignore line: [LIBRARY_PATH=/opt/gcc-linaro-6.5.0-2018.12-x86_64_aarch64-linux-gnu/bin/../lib/gcc/aarch64-linux-gnu/6.5.0/:/opt/gcc-linaro-6.5.0-2018.12-x86_64_aarch64-linux-gnu/bin/../lib/gcc/aarch64-linux-gnu/:/opt/gcc-linaro-6.5.0-2018.12-x86_64_aarch64-linux-gnu/bin/../lib/gcc/:/opt/gcc-linaro-6.5.0-2018.12-x86_64_aarch64-linux-gnu/bin/../lib/gcc/aarch64-linux-gnu/6.5.0/../../../../aarch64-linux-gnu/lib/../lib64/:/opt/gcc-linaro-6.5.0-2018.12-x86_64_aarch64-linux-gnu/bin/../lib/gcc/aarch64-linux-gnu/6.5.0/../../../../aarch64-linux-gnu/lib/:/opt/gcc-linaro-6.5.0-2018.12-x86_64_aarch64-linux-gnu/bin/../aarch64-linux-gnu/libc/lib/:/opt/gcc-linaro-6.5.0-2018.12-x86_64_aarch64-linux-gnu/bin/../aarch64-linux-gnu/libc/usr/lib/]
  ignore line: [COLLECT_GCC_OPTIONS='-v' '-o' 'cmTC_92921' '-rdynamic' '-shared-libgcc' '-march=armv8-a' '-mlittle-endian' '-mabi=lp64']
  link line: [ /opt/gcc-linaro-6.5.0-2018.12-x86_64_aarch64-linux-gnu/bin/../libexec/gcc/aarch64-linux-gnu/6.5.0/collect2 -plugin /opt/gcc-linaro-6.5.0-2018.12-x86_64_aarch64-linux-gnu/bin/../libexec/gcc/aarch64-linux-gnu/6.5.0/liblto_plugin.so -plugin-opt=/opt/gcc-linaro-6.5.0-2018.12-x86_64_aarch64-linux-gnu/bin/../libexec/gcc/aarch64-linux-gnu/6.5.0/lto-wrapper -plugin-opt=-fresolution=/tmp/ccOS7Uyo.res -plugin-opt=-pass-through=-lgcc_s -plugin-opt=-pass-through=-lgcc -plugin-opt=-pass-through=-lc -plugin-opt=-pass-through=-lgcc_s -plugin-opt=-pass-through=-lgcc --sysroot=/opt/gcc-linaro-6.5.0-2018.12-x86_64_aarch64-linux-gnu/bin/../aarch64-linux-gnu/libc --build-id --eh-frame-hdr -export-dynamic -dynamic-linker /lib/ld-linux-aarch64.so.1 -X -EL -maarch64linux --fix-cortex-a53-835769 --fix-cortex-a53-843419 -o cmTC_92921 /opt/gcc-linaro-6.5.0-2018.12-x86_64_aarch64-linux-gnu/bin/../aarch64-linux-gnu/libc/usr/lib/crt1.o /opt/gcc-linaro-6.5.0-2018.12-x86_64_aarch64-linux-gnu/bin/../aarch64-linux-gnu/libc/usr/lib/crti.o /opt/gcc-linaro-6.5.0-2018.12-x86_64_aarch64-linux-gnu/bin/../lib/gcc/aarch64-linux-gnu/6.5.0/crtbegin.o -L/opt/gcc-linaro-6.5.0-2018.12-x86_64_aarch64-linux-gnu/bin/../lib/gcc/aarch64-linux-gnu/6.5.0 -L/opt/gcc-linaro-6.5.0-2018.12-x86_64_aarch64-linux-gnu/bin/../lib/gcc/aarch64-linux-gnu -L/opt/gcc-linaro-6.5.0-2018.12-x86_64_aarch64-linux-gnu/bin/../lib/gcc -L/opt/gcc-linaro-6.5.0-2018.12-x86_64_aarch64-linux-gnu/bin/../lib/gcc/aarch64-linux-gnu/6.5.0/../../../../aarch64-linux-gnu/lib/../lib64 -L/opt/gcc-linaro-6.5.0-2018.12-x86_64_aarch64-linux-gnu/bin/../lib/gcc/aarch64-linux-gnu/6.5.0/../../../../aarch64-linux-gnu/lib -L/opt/gcc-linaro-6.5.0-2018.12-x86_64_aarch64-linux-gnu/bin/../aarch64-linux-gnu/libc/lib -L/opt/gcc-linaro-6.5.0-2018.12-x86_64_aarch64-linux-gnu/bin/../aarch64-linux-gnu/libc/usr/lib CMakeFiles/cmTC_92921.dir/CMakeCXXCompilerABI.cpp.o -lstdc++ -lm -lgcc_s -lgcc -lc -lgcc_s -lgcc /opt/gcc-linaro-6.5.0-2018.12-x86_64_aarch64-linux-gnu/bin/../lib/gcc/aarch64-linux-gnu/6.5.0/crtend.o /opt/gcc-linaro-6.5.0-2018.12-x86_64_aarch64-linux-gnu/bin/../aarch64-linux-gnu/libc/usr/lib/crtn.o]
    arg [/opt/gcc-linaro-6.5.0-2018.12-x86_64_aarch64-linux-gnu/bin/../libexec/gcc/aarch64-linux-gnu/6.5.0/collect2] ==> ignore
    arg [-plugin] ==> ignore
    arg [/opt/gcc-linaro-6.5.0-2018.12-x86_64_aarch64-linux-gnu/bin/../libexec/gcc/aarch64-linux-gnu/6.5.0/liblto_plugin.so] ==> ignore
    arg [-plugin-opt=/opt/gcc-linaro-6.5.0-2018.12-x86_64_aarch64-linux-gnu/bin/../libexec/gcc/aarch64-linux-gnu/6.5.0/lto-wrapper] ==> ignore
    arg [-plugin-opt=-fresolution=/tmp/ccOS7Uyo.res] ==> ignore
    arg [-plugin-opt=-pass-through=-lgcc_s] ==> ignore
    arg [-plugin-opt=-pass-through=-lgcc] ==> ignore
    arg [-plugin-opt=-pass-through=-lc] ==> ignore
    arg [-plugin-opt=-pass-through=-lgcc_s] ==> ignore
    arg [-plugin-opt=-pass-through=-lgcc] ==> ignore
    arg [--sysroot=/opt/gcc-linaro-6.5.0-2018.12-x86_64_aarch64-linux-gnu/bin/../aarch64-linux-gnu/libc] ==> ignore
    arg [--build-id] ==> ignore
    arg [--eh-frame-hdr] ==> ignore
    arg [-export-dynamic] ==> ignore
    arg [-dynamic-linker] ==> ignore
    arg [/lib/ld-linux-aarch64.so.1] ==> ignore
    arg [-X] ==> ignore
    arg [-EL] ==> ignore
    arg [-maarch64linux] ==> ignore
    arg [--fix-cortex-a53-835769] ==> ignore
    arg [--fix-cortex-a53-843419] ==> ignore
    arg [-o] ==> ignore
    arg [cmTC_92921] ==> ignore
    arg [/opt/gcc-linaro-6.5.0-2018.12-x86_64_aarch64-linux-gnu/bin/../aarch64-linux-gnu/libc/usr/lib/crt1.o] ==> ignore
    arg [/opt/gcc-linaro-6.5.0-2018.12-x86_64_aarch64-linux-gnu/bin/../aarch64-linux-gnu/libc/usr/lib/crti.o] ==> ignore
    arg [/opt/gcc-linaro-6.5.0-2018.12-x86_64_aarch64-linux-gnu/bin/../lib/gcc/aarch64-linux-gnu/6.5.0/crtbegin.o] ==> ignore
    arg [-L/opt/gcc-linaro-6.5.0-2018.12-x86_64_aarch64-linux-gnu/bin/../lib/gcc/aarch64-linux-gnu/6.5.0] ==> dir [/opt/gcc-linaro-6.5.0-2018.12-x86_64_aarch64-linux-gnu/bin/../lib/gcc/aarch64-linux-gnu/6.5.0]
    arg [-L/opt/gcc-linaro-6.5.0-2018.12-x86_64_aarch64-linux-gnu/bin/../lib/gcc/aarch64-linux-gnu] ==> dir [/opt/gcc-linaro-6.5.0-2018.12-x86_64_aarch64-linux-gnu/bin/../lib/gcc/aarch64-linux-gnu]
    arg [-L/opt/gcc-linaro-6.5.0-2018.12-x86_64_aarch64-linux-gnu/bin/../lib/gcc] ==> dir [/opt/gcc-linaro-6.5.0-2018.12-x86_64_aarch64-linux-gnu/bin/../lib/gcc]
    arg [-L/opt/gcc-linaro-6.5.0-2018.12-x86_64_aarch64-linux-gnu/bin/../lib/gcc/aarch64-linux-gnu/6.5.0/../../../../aarch64-linux-gnu/lib/../lib64] ==> dir [/opt/gcc-linaro-6.5.0-2018.12-x86_64_aarch64-linux-gnu/bin/../lib/gcc/aarch64-linux-gnu/6.5.0/../../../../aarch64-linux-gnu/lib/../lib64]
    arg [-L/opt/gcc-linaro-6.5.0-2018.12-x86_64_aarch64-linux-gnu/bin/../lib/gcc/aarch64-linux-gnu/6.5.0/../../../../aarch64-linux-gnu/lib] ==> dir [/opt/gcc-linaro-6.5.0-2018.12-x86_64_aarch64-linux-gnu/bin/../lib/gcc/aarch64-linux-gnu/6.5.0/../../../../aarch64-linux-gnu/lib]
    arg [-L/opt/gcc-linaro-6.5.0-2018.12-x86_64_aarch64-linux-gnu/bin/../aarch64-linux-gnu/libc/lib] ==> dir [/opt/gcc-linaro-6.5.0-2018.12-x86_64_aarch64-linux-gnu/bin/../aarch64-linux-gnu/libc/lib]
    arg [-L/opt/gcc-linaro-6.5.0-2018.12-x86_64_aarch64-linux-gnu/bin/../aarch64-linux-gnu/libc/usr/lib] ==> dir [/opt/gcc-linaro-6.5.0-2018.12-x86_64_aarch64-linux-gnu/bin/../aarch64-linux-gnu/libc/usr/lib]
    arg [CMakeFiles/cmTC_92921.dir/CMakeCXXCompilerABI.cpp.o] ==> ignore
    arg [-lstdc++] ==> lib [stdc++]
    arg [-lm] ==> lib [m]
    arg [-lgcc_s] ==> lib [gcc_s]
    arg [-lgcc] ==> lib [gcc]
    arg [-lc] ==> lib [c]
    arg [-lgcc_s] ==> lib [gcc_s]
    arg [-lgcc] ==> lib [gcc]
    arg [/opt/gcc-linaro-6.5.0-2018.12-x86_64_aarch64-linux-gnu/bin/../lib/gcc/aarch64-linux-gnu/6.5.0/crtend.o] ==> ignore
    arg [/opt/gcc-linaro-6.5.0-2018.12-x86_64_aarch64-linux-gnu/bin/../aarch64-linux-gnu/libc/usr/lib/crtn.o] ==> ignore
  remove lib [gcc_s]
  remove lib [gcc]
  remove lib [gcc_s]
  remove lib [gcc]
  collapse library dir [/opt/gcc-linaro-6.5.0-2018.12-x86_64_aarch64-linux-gnu/bin/../lib/gcc/aarch64-linux-gnu/6.5.0] ==> [/opt/gcc-linaro-6.5.0-2018.12-x86_64_aarch64-linux-gnu/lib/gcc/aarch64-linux-gnu/6.5.0]
  collapse library dir [/opt/gcc-linaro-6.5.0-2018.12-x86_64_aarch64-linux-gnu/bin/../lib/gcc/aarch64-linux-gnu] ==> [/opt/gcc-linaro-6.5.0-2018.12-x86_64_aarch64-linux-gnu/lib/gcc/aarch64-linux-gnu]
  collapse library dir [/opt/gcc-linaro-6.5.0-2018.12-x86_64_aarch64-linux-gnu/bin/../lib/gcc] ==> [/opt/gcc-linaro-6.5.0-2018.12-x86_64_aarch64-linux-gnu/lib/gcc]
  collapse library dir [/opt/gcc-linaro-6.5.0-2018.12-x86_64_aarch64-linux-gnu/bin/../lib/gcc/aarch64-linux-gnu/6.5.0/../../../../aarch64-linux-gnu/lib/../lib64] ==> [/opt/gcc-linaro-6.5.0-2018.12-x86_64_aarch64-linux-gnu/aarch64-linux-gnu/lib64]
  collapse library dir [/opt/gcc-linaro-6.5.0-2018.12-x86_64_aarch64-linux-gnu/bin/../lib/gcc/aarch64-linux-gnu/6.5.0/../../../../aarch64-linux-gnu/lib] ==> [/opt/gcc-linaro-6.5.0-2018.12-x86_64_aarch64-linux-gnu/aarch64-linux-gnu/lib]
  collapse library dir [/opt/gcc-linaro-6.5.0-2018.12-x86_64_aarch64-linux-gnu/bin/../aarch64-linux-gnu/libc/lib] ==> [/opt/gcc-linaro-6.5.0-2018.12-x86_64_aarch64-linux-gnu/aarch64-linux-gnu/libc/lib]
  collapse library dir [/opt/gcc-linaro-6.5.0-2018.12-x86_64_aarch64-linux-gnu/bin/../aarch64-linux-gnu/libc/usr/lib] ==> [/opt/gcc-linaro-6.5.0-2018.12-x86_64_aarch64-linux-gnu/aarch64-linux-gnu/libc/usr/lib]
  implicit libs: [stdc++;m;c]
  implicit dirs: [/opt/gcc-linaro-6.5.0-2018.12-x86_64_aarch64-linux-gnu/lib/gcc/aarch64-linux-gnu/6.5.0;/opt/gcc-linaro-6.5.0-2018.12-x86_64_aarch64-linux-gnu/lib/gcc/aarch64-linux-gnu;/opt/gcc-linaro-6.5.0-2018.12-x86_64_aarch64-linux-gnu/lib/gcc;/opt/gcc-linaro-6.5.0-2018.12-x86_64_aarch64-linux-gnu/aarch64-linux-gnu/lib64;/opt/gcc-linaro-6.5.0-2018.12-x86_64_aarch64-linux-gnu/aarch64-linux-gnu/lib;/opt/gcc-linaro-6.5.0-2018.12-x86_64_aarch64-linux-gnu/aarch64-linux-gnu/libc/lib;/opt/gcc-linaro-6.5.0-2018.12-x86_64_aarch64-linux-gnu/aarch64-linux-gnu/libc/usr/lib]
  implicit fwks: []




Detecting CXX [-std=c++14] compiler features compiled with the following output:
Change Dir: /home/jenkins/workspace/ess_ai_express_component_1.0.15b/rtsp_server/build/CMakeFiles/CMakeTmp

Run Build Command:"/usr/bin/gmake" "cmTC_7d820/fast"
/usr/bin/gmake -f CMakeFiles/cmTC_7d820.dir/build.make CMakeFiles/cmTC_7d820.dir/build
gmake[1]: Entering directory `/home/jenkins/workspace/ess_ai_express_component_1.0.15b/rtsp_server/build/CMakeFiles/CMakeTmp'
Building CXX object CMakeFiles/cmTC_7d820.dir/feature_tests.cxx.o
/opt/gcc-linaro-6.5.0-2018.12-x86_64_aarch64-linux-gnu/bin/aarch64-linux-gnu-g++     -std=c++14 -o CMakeFiles/cmTC_7d820.dir/feature_tests.cxx.o -c /home/jenkins/workspace/ess_ai_express_component_1.0.15b/rtsp_server/build/CMakeFiles/feature_tests.cxx
Linking CXX executable cmTC_7d820
/usr/local/bin/cmake -E cmake_link_script CMakeFiles/cmTC_7d820.dir/link.txt --verbose=1
/opt/gcc-linaro-6.5.0-2018.12-x86_64_aarch64-linux-gnu/bin/aarch64-linux-gnu-g++        CMakeFiles/cmTC_7d820.dir/feature_tests.cxx.o  -o cmTC_7d820 -rdynamic 
gmake[1]: Leaving directory `/home/jenkins/workspace/ess_ai_express_component_1.0.15b/rtsp_server/build/CMakeFiles/CMakeTmp'


    Feature record: CXX_FEATURE:1cxx_aggregate_default_initializers
    Feature record: CXX_FEATURE:1cxx_alias_templates
    Feature record: CXX_FEATURE:1cxx_alignas
    Feature record: CXX_FEATURE:1cxx_alignof
    Feature record: CXX_FEATURE:1cxx_attributes
    Feature record: CXX_FEATURE:1cxx_attribute_deprecated
    Feature record: CXX_FEATURE:1cxx_auto_type
    Feature record: CXX_FEATURE:1cxx_binary_literals
    Feature record: CXX_FEATURE:1cxx_constexpr
    Feature record: CXX_FEATURE:1cxx_contextual_conversions
    Feature record: CXX_FEATURE:1cxx_decltype
    Feature record: CXX_FEATURE:1cxx_decltype_auto
    Feature record: CXX_FEATURE:1cxx_decltype_incomplete_return_types
    Feature record: CXX_FEATURE:1cxx_default_function_template_args
    Feature record: CXX_FEATURE:1cxx_defaulted_functions
    Feature record: CXX_FEATURE:1cxx_defaulted_move_initializers
    Feature record: CXX_FEATURE:1cxx_delegating_constructors
    Feature record: CXX_FEATURE:1cxx_deleted_functions
    Feature record: CXX_FEATURE:1cxx_digit_separators
    Feature record: CXX_FEATURE:1cxx_enum_forward_declarations
    Feature record: CXX_FEATURE:1cxx_explicit_conversions
    Feature record: CXX_FEATURE:1cxx_extended_friend_declarations
    Feature record: CXX_FEATURE:1cxx_extern_templates
    Feature record: CXX_FEATURE:1cxx_final
    Feature record: CXX_FEATURE:1cxx_func_identifier
    Feature record: CXX_FEATURE:1cxx_generalized_initializers
    Feature record: CXX_FEATURE:1cxx_generic_lambdas
    Feature record: CXX_FEATURE:1cxx_inheriting_constructors
    Feature record: CXX_FEATURE:1cxx_inline_namespaces
    Feature record: CXX_FEATURE:1cxx_lambdas
    Feature record: CXX_FEATURE:1cxx_lambda_init_captures
    Feature record: CXX_FEATURE:1cxx_local_type_template_args
    Feature record: CXX_FEATURE:1cxx_long_long_type
    Feature record: CXX_FEATURE:1cxx_noexcept
    Feature record: CXX_FEATURE:1cxx_nonstatic_member_init
    Feature record: CXX_FEATURE:1cxx_nullptr
    Feature record: CXX_FEATURE:1cxx_override
    Feature record: CXX_FEATURE:1cxx_range_for
    Feature record: CXX_FEATURE:1cxx_raw_string_literals
    Feature record: CXX_FEATURE:1cxx_reference_qualified_functions
    Feature record: CXX_FEATURE:1cxx_relaxed_constexpr
    Feature record: CXX_FEATURE:1cxx_return_type_deduction
    Feature record: CXX_FEATURE:1cxx_right_angle_brackets
    Feature record: CXX_FEATURE:1cxx_rvalue_references
    Feature record: CXX_FEATURE:1cxx_sizeof_member
    Feature record: CXX_FEATURE:1cxx_static_assert
    Feature record: CXX_FEATURE:1cxx_strong_enums
    Feature record: CXX_FEATURE:1cxx_template_template_parameters
    Feature record: CXX_FEATURE:1cxx_thread_local
    Feature record: CXX_FEATURE:1cxx_trailing_return_types
    Feature record: CXX_FEATURE:1cxx_unicode_literals
    Feature record: CXX_FEATURE:1cxx_uniform_initialization
    Feature record: CXX_FEATURE:1cxx_unrestricted_unions
    Feature record: CXX_FEATURE:1cxx_user_literals
    Feature record: CXX_FEATURE:1cxx_variable_templates
    Feature record: CXX_FEATURE:1cxx_variadic_macros
    Feature record: CXX_FEATURE:1cxx_variadic_templates


Detecting CXX [-std=c++11] compiler features compiled with the following output:
Change Dir: /home/jenkins/workspace/ess_ai_express_component_1.0.15b/rtsp_server/build/CMakeFiles/CMakeTmp

Run Build Command:"/usr/bin/gmake" "cmTC_d84bd/fast"
/usr/bin/gmake -f CMakeFiles/cmTC_d84bd.dir/build.make CMakeFiles/cmTC_d84bd.dir/build
gmake[1]: Entering directory `/home/jenkins/workspace/ess_ai_express_component_1.0.15b/rtsp_server/build/CMakeFiles/CMakeTmp'
Building CXX object CMakeFiles/cmTC_d84bd.dir/feature_tests.cxx.o
/opt/gcc-linaro-6.5.0-2018.12-x86_64_aarch64-linux-gnu/bin/aarch64-linux-gnu-g++     -std=c++11 -o CMakeFiles/cmTC_d84bd.dir/feature_tests.cxx.o -c /home/jenkins/workspace/ess_ai_express_component_1.0.15b/rtsp_server/build/CMakeFiles/feature_tests.cxx
Linking CXX executable cmTC_d84bd
/usr/local/bin/cmake -E cmake_link_script CMakeFiles/cmTC_d84bd.dir/link.txt --verbose=1
/opt/gcc-linaro-6.5.0-2018.12-x86_64_aarch64-linux-gnu/bin/aarch64-linux-gnu-g++        CMakeFiles/cmTC_d84bd.dir/feature_tests.cxx.o  -o cmTC_d84bd -rdynamic 
gmake[1]: Leaving directory `/home/jenkins/workspace/ess_ai_express_component_1.0.15b/rtsp_server/build/CMakeFiles/CMakeTmp'


    Feature record: CXX_FEATURE:0cxx_aggregate_default_initializers
    Feature record: CXX_FEATURE:1cxx_alias_templates
    Feature record: CXX_FEATURE:1cxx_alignas
    Feature record: CXX_FEATURE:1cxx_alignof
    Feature record: CXX_FEATURE:1cxx_attributes
    Feature record: CXX_FEATURE:0cxx_attribute_deprecated
    Feature record: CXX_FEATURE:1cxx_auto_type
    Feature record: CXX_FEATURE:0cxx_binary_literals
    Feature record: CXX_FEATURE:1cxx_constexpr
    Feature record: CXX_FEATURE:0cxx_contextual_conversions
    Feature record: CXX_FEATURE:1cxx_decltype
    Feature record: CXX_FEATURE:0cxx_decltype_auto
    Feature record: CXX_FEATURE:1cxx_decltype_incomplete_return_types
    Feature record: CXX_FEATURE:1cxx_default_function_template_args
    Feature record: CXX_FEATURE:1cxx_defaulted_functions
    Feature record: CXX_FEATURE:1cxx_defaulted_move_initializers
    Feature record: CXX_FEATURE:1cxx_delegating_constructors
    Feature record: CXX_FEATURE:1cxx_deleted_functions
    Feature record: CXX_FEATURE:0cxx_digit_separators
    Feature record: CXX_FEATURE:1cxx_enum_forward_declarations
    Feature record: CXX_FEATURE:1cxx_explicit_conversions
    Feature record: CXX_FEATURE:1cxx_extended_friend_declarations
    Feature record: CXX_FEATURE:1cxx_extern_templates
    Feature record: CXX_FEATURE:1cxx_final
    Feature record: CXX_FEATURE:1cxx_func_identifier
    Feature record: CXX_FEATURE:1cxx_generalized_initializers
    Feature record: CXX_FEATURE:0cxx_generic_lambdas
    Feature record: CXX_FEATURE:1cxx_inheriting_constructors
    Feature record: CXX_FEATURE:1cxx_inline_namespaces
    Feature record: CXX_FEATURE:1cxx_lambdas
    Feature record: CXX_FEATURE:0cxx_lambda_init_captures
    Feature record: CXX_FEATURE:1cxx_local_type_template_args
    Feature record: CXX_FEATURE:1cxx_long_long_type
    Feature record: CXX_FEATURE:1cxx_noexcept
    Feature record: CXX_FEATURE:1cxx_nonstatic_member_init
    Feature record: CXX_FEATURE:1cxx_nullptr
    Feature record: CXX_FEATURE:1cxx_override
    Feature record: CXX_FEATURE:1cxx_range_for
    Feature record: CXX_FEATURE:1cxx_raw_string_literals
    Feature record: CXX_FEATURE:1cxx_reference_qualified_functions
    Feature record: CXX_FEATURE:0cxx_relaxed_constexpr
    Feature record: CXX_FEATURE:0cxx_return_type_deduction
    Feature record: CXX_FEATURE:1cxx_right_angle_brackets
    Feature record: CXX_FEATURE:1cxx_rvalue_references
    Feature record: CXX_FEATURE:1cxx_sizeof_member
    Feature record: CXX_FEATURE:1cxx_static_assert
    Feature record: CXX_FEATURE:1cxx_strong_enums
    Feature record: CXX_FEATURE:1cxx_template_template_parameters
    Feature record: CXX_FEATURE:1cxx_thread_local
    Feature record: CXX_FEATURE:1cxx_trailing_return_types
    Feature record: CXX_FEATURE:1cxx_unicode_literals
    Feature record: CXX_FEATURE:1cxx_uniform_initialization
    Feature record: CXX_FEATURE:1cxx_unrestricted_unions
    Feature record: CXX_FEATURE:1cxx_user_literals
    Feature record: CXX_FEATURE:0cxx_variable_templates
    Feature record: CXX_FEATURE:1cxx_variadic_macros
    Feature record: CXX_FEATURE:1cxx_variadic_templates


Detecting CXX [-std=c++98] compiler features compiled with the following output:
Change Dir: /home/jenkins/workspace/ess_ai_express_component_1.0.15b/rtsp_server/build/CMakeFiles/CMakeTmp

Run Build Command:"/usr/bin/gmake" "cmTC_74431/fast"
/usr/bin/gmake -f CMakeFiles/cmTC_74431.dir/build.make CMakeFiles/cmTC_74431.dir/build
gmake[1]: Entering directory `/home/jenkins/workspace/ess_ai_express_component_1.0.15b/rtsp_server/build/CMakeFiles/CMakeTmp'
Building CXX object CMakeFiles/cmTC_74431.dir/feature_tests.cxx.o
/opt/gcc-linaro-6.5.0-2018.12-x86_64_aarch64-linux-gnu/bin/aarch64-linux-gnu-g++     -std=c++98 -o CMakeFiles/cmTC_74431.dir/feature_tests.cxx.o -c /home/jenkins/workspace/ess_ai_express_component_1.0.15b/rtsp_server/build/CMakeFiles/feature_tests.cxx
Linking CXX executable cmTC_74431
/usr/local/bin/cmake -E cmake_link_script CMakeFiles/cmTC_74431.dir/link.txt --verbose=1
/opt/gcc-linaro-6.5.0-2018.12-x86_64_aarch64-linux-gnu/bin/aarch64-linux-gnu-g++        CMakeFiles/cmTC_74431.dir/feature_tests.cxx.o  -o cmTC_74431 -rdynamic 
gmake[1]: Leaving directory `/home/jenkins/workspace/ess_ai_express_component_1.0.15b/rtsp_server/build/CMakeFiles/CMakeTmp'


    Feature record: CXX_FEATURE:0cxx_aggregate_default_initializers
    Feature record: CXX_FEATURE:0cxx_alias_templates
    Feature record: CXX_FEATURE:0cxx_alignas
    Feature record: CXX_FEATURE:0cxx_alignof
    Feature record: CXX_FEATURE:0cxx_attributes
    Feature record: CXX_FEATURE:0cxx_attribute_deprecated
    Feature record: CXX_FEATURE:0cxx_auto_type
    Feature record: CXX_FEATURE:0cxx_binary_literals
    Feature record: CXX_FEATURE:0cxx_constexpr
    Feature record: CXX_FEATURE:0cxx_contextual_conversions
    Feature record: CXX_FEATURE:0cxx_decltype
    Feature record: CXX_FEATURE:0cxx_decltype_auto
    Feature record: CXX_FEATURE:0cxx_decltype_incomplete_return_types
    Feature record: CXX_FEATURE:0cxx_default_function_template_args
    Feature record: CXX_FEATURE:0cxx_defaulted_functions
    Feature record: CXX_FEATURE:0cxx_defaulted_move_initializers
    Feature record: CXX_FEATURE:0cxx_delegating_constructors
    Feature record: CXX_FEATURE:0cxx_deleted_functions
    Feature record: CXX_FEATURE:0cxx_digit_separators
    Feature record: CXX_FEATURE:0cxx_enum_forward_declarations
    Feature record: CXX_FEATURE:0cxx_explicit_conversions
    Feature record: CXX_FEATURE:0cxx_extended_friend_declarations
    Feature record: CXX_FEATURE:0cxx_extern_templates
    Feature record: CXX_FEATURE:0cxx_final
    Feature record: CXX_FEATURE:0cxx_func_identifier
    Feature record: CXX_FEATURE:0cxx_generalized_initializers
    Feature record: CXX_FEATURE:0cxx_generic_lambdas
    Feature record: CXX_FEATURE:0cxx_inheriting_constructors
    Feature record: CXX_FEATURE:0cxx_inline_namespaces
    Feature record: CXX_FEATURE:0cxx_lambdas
    Feature record: CXX_FEATURE:0cxx_lambda_init_captures
    Feature record: CXX_FEATURE:0cxx_local_type_template_args
    Feature record: CXX_FEATURE:0cxx_long_long_type
    Feature record: CXX_FEATURE:0cxx_noexcept
    Feature record: CXX_FEATURE:0cxx_nonstatic_member_init
    Feature record: CXX_FEATURE:0cxx_nullptr
    Feature record: CXX_FEATURE:0cxx_override
    Feature record: CXX_FEATURE:0cxx_range_for
    Feature record: CXX_FEATURE:0cxx_raw_string_literals
    Feature record: CXX_FEATURE:0cxx_reference_qualified_functions
    Feature record: CXX_FEATURE:0cxx_relaxed_constexpr
    Feature record: CXX_FEATURE:0cxx_return_type_deduction
    Feature record: CXX_FEATURE:0cxx_right_angle_brackets
    Feature record: CXX_FEATURE:0cxx_rvalue_references
    Feature record: CXX_FEATURE:0cxx_sizeof_member
    Feature record: CXX_FEATURE:0cxx_static_assert
    Feature record: CXX_FEATURE:0cxx_strong_enums
    Feature record: CXX_FEATURE:1cxx_template_template_parameters
    Feature record: CXX_FEATURE:0cxx_thread_local
    Feature record: CXX_FEATURE:0cxx_trailing_return_types
    Feature record: CXX_FEATURE:0cxx_unicode_literals
    Feature record: CXX_FEATURE:0cxx_uniform_initialization
    Feature record: CXX_FEATURE:0cxx_unrestricted_unions
    Feature record: CXX_FEATURE:0cxx_user_literals
    Feature record: CXX_FEATURE:0cxx_variable_templates
    Feature record: CXX_FEATURE:0cxx_variadic_macros
    Feature record: CXX_FEATURE:0cxx_variadic_templates
