{
  global:
  extern "C"
  {
    HobotXStreamAllocImage;
    HobotXStreamFreeImage;
    HobotXStreamDecodeImage;
    HobotXStreamConvertImage;
    HobotXStreamConvertYuvImage;
    HobotXStreamResizeImage;
    HobotXStreamResizeImageByRatio;
    HobotXStreamCropImage;
    HobotXStreamPadImage;
  };
  extern "C++"
  {
    HobotXStreamAllocImage;
    HobotXStreamFreeImage;
    HobotXStreamDecodeImage;
    HobotXStreamConvertImage;
    HobotXStreamConvertYuvImage;
    HobotXStreamResizeImage;
    HobotXStreamResizeImageByRatio;
    HobotXStreamCropImage;
    HobotXStreamPadImage;
  };
  local:
    *;
};